<?xml version="1.0" encoding="UTF-8"?>
<testsuite xmlns:xsi="http://www.w3.org/2001/XMLSchema-instance" xsi:noNamespaceSchemaLocation="https://maven.apache.org/surefire/maven-surefire-plugin/xsd/surefire-test-report-3.0.xsd" version="3.0" name="proxy.YouTubePlayerTest" time="0.008" tests="1" errors="0" skipped="0" failures="0">
  <properties>
[...]
</properties>
  <testcase name="shouldCacheVideoDownloads" classname="proxy.YouTubePlayerTest" time="0.007">
    <system-out><![CDATA[Скачивание видео cat_video с серверов YouTube... (Дорогой процесс)
Прокси: Возвращаю видео cat_video Из КЭША.
]]></system-out>
  </testcase>
</testsuite>